#
# There is insufficient memory for the Java Runtime Environment to continue.
# Native memory allocation (mmap) failed to map 119013376 bytes for committing reserved memory.
# Possible reasons:
#   The system is out of physical RAM or swap space
#   The process is running with CompressedOops enabled, and the Java Heap may be blocking the growth of the native heap
# Possible solutions:
#   Reduce memory load on the system
#   Increase physical memory or swap space
#   Check if swap backing store is full
#   Decrease Java heap size (-Xmx/-Xms)
#   Decrease number of Java threads
#   Decrease Java thread stack sizes (-Xss)
#   Set larger code cache with -XX:ReservedCodeCacheSize=
#   JVM is running with Unscaled Compressed Oops mode in which the Java heap is
#     placed in the first 4GB address space. The Java Heap base address is the
#     maximum limit for the native heap growth. Please use -XX:HeapBaseMinAddress
#     to set the Java Heap base and to place the Java Heap above 4GB virtual address.
# This output file may be truncated or incomplete.
#
#  Out of Memory Error (os_linux.cpp:2757), pid=21653, tid=0x00007f1a82119700
#
# JRE version: OpenJDK Runtime Environment (8.0_222-b10) (build 1.8.0_222-8u222-b10-1ubuntu1~16.04.1-b10)
# Java VM: OpenJDK 64-Bit Server VM (25.222-b10 mixed mode linux-amd64 compressed oops)
# Failed to write core dump. Core dumps have been disabled. To enable core dumping, try "ulimit -c unlimited" before starting Java again
#

---------------  T H R E A D  ---------------

Current thread (0x00007f1ab0080800):  VMThread [stack: 0x00007f1a82019000,0x00007f1a8211a000] [id=21665]

Stack: [0x00007f1a82019000,0x00007f1a8211a000],  sp=0x00007f1a821184e0,  free space=1021k
Native frames: (J=compiled Java code, j=interpreted, Vv=VM code, C=native code)
V  [libjvm.so+0xa7787b]
V  [libjvm.so+0x4caa8c]
V  [libjvm.so+0x8c5da8]
V  [libjvm.so+0x8bd3ee]
V  [libjvm.so+0x93b476]
V  [libjvm.so+0x93c7a3]
V  [libjvm.so+0x938e84]
V  [libjvm.so+0x93911c]
V  [libjvm.so+0x8eaa73]
V  [libjvm.so+0xa79532]
V  [libjvm.so+0xa7e587]
V  [libjvm.so+0xa7bde7]
V  [libjvm.so+0xa7d0cf]
V  [libjvm.so+0xa7d5f2]
V  [libjvm.so+0x8c3102]

VM_Operation (0x00007f1a2d4e6ed0): ParallelGCFailedAllocation, mode: safepoint, requested by thread 0x00007f1a28044000


---------------  P R O C E S S  ---------------

Java Threads: ( => current thread )
  0x00007f1a28044000 JavaThread "restartedMain" [_thread_blocked, id=21905, stack(0x00007f1a2d3ea000,0x00007f1a2d4eb000)]
  0x00007f1a28042800 JavaThread "File Watcher" daemon [_thread_blocked, id=21868, stack(0x00007f1a2f3fc000,0x00007f1a2f4fd000)]
  0x00007f1a1000a800 JavaThread "Thread-8" [_thread_blocked, id=21852, stack(0x00007f1a2f6ff000,0x00007f1a2f800000)]
  0x00007f1a58006000 JavaThread "RMI TCP Connection(idle)" daemon [_thread_blocked, id=21749, stack(0x00007f1a2cce3000,0x00007f1a2cde4000)]
  0x00007f1a58004800 JavaThread "RMI TCP Connection(idle)" daemon [_thread_blocked, id=21746, stack(0x00007f1a2cfe6000,0x00007f1a2d0e7000)]
  0x00007f1a58002800 JavaThread "RMI TCP Connection(idle)" daemon [_thread_blocked, id=21745, stack(0x00007f1a2d0e7000,0x00007f1a2d1e8000)]
  0x00007f1a50005000 JavaThread "RMI TCP Connection(idle)" daemon [_thread_blocked, id=21743, stack(0x00007f1a2d2e9000,0x00007f1a2d3ea000)]
  0x00007f1a50004000 JavaThread "RMI TCP Connection(idle)" daemon [_thread_blocked, id=21742, stack(0x00007f1a608fa000,0x00007f1a609fb000)]
  0x00007f1a50003000 JavaThread "RMI TCP Connection(idle)" daemon [_thread_blocked, id=21741, stack(0x00007f1a609fb000,0x00007f1a60afc000)]
  0x00007f1ab000e800 JavaThread "DestroyJavaVM" [_thread_blocked, id=21658, stack(0x00007f1ab78f2000,0x00007f1ab79f3000)]
  0x00007f1a3ce62000 JavaThread "Live Reload Server" daemon [_thread_in_native, id=21725, stack(0x00007f1a2e2f9000,0x00007f1a2e3fa000)]
  0x00007f1a3c988000 JavaThread "Abandoned connection cleanup thread" daemon [_thread_blocked, id=21693, stack(0x00007f1a2f2fb000,0x00007f1a2f3fc000)]
  0x00007f1a40005800 JavaThread "JMX server connection timeout 19" daemon [_thread_blocked, id=21684, stack(0x00007f1a607f9000,0x00007f1a608fa000)]
  0x00007f1a4c009000 JavaThread "RMI Scheduler(0)" daemon [_thread_blocked, id=21681, stack(0x00007f1a60afc000,0x00007f1a60bfd000)]
  0x00007f1a58001000 JavaThread "RMI TCP Connection(idle)" daemon [_thread_blocked, id=21680, stack(0x00007f1a60bfd000,0x00007f1a60cfe000)]
  0x00007f1a50001000 JavaThread "RMI TCP Connection(idle)" daemon [_thread_blocked, id=21677, stack(0x00007f1a60efe000,0x00007f1a60fff000)]
  0x00007f1ab0583800 JavaThread "RMI TCP Accept-0" daemon [_thread_in_native, id=21675, stack(0x00007f1a803a5000,0x00007f1a804a6000)]
  0x00007f1ab0565800 JavaThread "RMI TCP Accept-40883" daemon [_thread_in_native, id=21674, stack(0x00007f1a804a6000,0x00007f1a805a7000)]
  0x00007f1ab0550800 JavaThread "RMI TCP Accept-0" daemon [_thread_in_native, id=21673, stack(0x00007f1a805a7000,0x00007f1a806a8000)]
  0x00007f1ab00d0000 JavaThread "Service Thread" daemon [_thread_blocked, id=21672, stack(0x00007f1a80f53000,0x00007f1a81054000)]
  0x00007f1ab00c5000 JavaThread "C1 CompilerThread2" daemon [_thread_blocked, id=21671, stack(0x00007f1a81054000,0x00007f1a81155000)]
  0x00007f1ab00c3800 JavaThread "C2 CompilerThread1" daemon [_thread_blocked, id=21670, stack(0x00007f1a81155000,0x00007f1a81256000)]
  0x00007f1ab00c0800 JavaThread "C2 CompilerThread0" daemon [_thread_blocked, id=21669, stack(0x00007f1a81256000,0x00007f1a81357000)]
  0x00007f1ab00bf000 JavaThread "Signal Dispatcher" daemon [_thread_blocked, id=21668, stack(0x00007f1a81357000,0x00007f1a81458000)]
  0x00007f1ab008c800 JavaThread "Finalizer" daemon [_thread_blocked, id=21667, stack(0x00007f1a81e17000,0x00007f1a81f18000)]
  0x00007f1ab008a000 JavaThread "Reference Handler" daemon [_thread_blocked, id=21666, stack(0x00007f1a81f18000,0x00007f1a82019000)]

Other Threads:
=>0x00007f1ab0080800 VMThread [stack: 0x00007f1a82019000,0x00007f1a8211a000] [id=21665]
  0x00007f1ab0585800 WatcherThread [stack: 0x00007f1a802a4000,0x00007f1a803a5000] [id=21676]

VM state:at safepoint (normal execution)

VM Mutex/Monitor currently owned by a thread:  ([mutex/lock_event])
[0x00007f1ab000b0d0] Threads_lock - owner thread: 0x00007f1ab0080800
[0x00007f1ab000b5d0] Heap_lock - owner thread: 0x00007f1a28044000

heap address: 0x0000000085a00000, size: 1958 MB, Compressed Oops mode: 32-bit
Narrow klass base: 0x0000000000000000, Narrow klass shift: 3
Compressed class space size: 1073741824 Address: 0x0000000100000000

Heap:
 PSYoungGen      total 356352K, used 12598K [0x00000000d7380000, 0x00000000ee280000, 0x0000000100000000)
  eden space 338944K, 0% used [0x00000000d7380000,0x00000000d7380000,0x00000000ebe80000)
  from space 17408K, 72% used [0x00000000ed180000,0x00000000eddcd890,0x00000000ee280000)
  to   space 17920K, 0% used [0x00000000ebe80000,0x00000000ebe80000,0x00000000ed000000)
 ParOldGen       total 87040K, used 32763K [0x0000000085a00000, 0x000000008af00000, 0x00000000d7380000)
  object space 87040K, 37% used [0x0000000085a00000,0x00000000879fec70,0x000000008af00000)
 Metaspace       used 49113K, capacity 49840K, committed 49920K, reserved 1093632K
  class space    used 6452K, capacity 6647K, committed 6656K, reserved 1048576K

Card table byte_map: [0x00007f1aa086c000,0x00007f1aa0c40000] byte_map_base: 0x00007f1aa043f000

Marking Bits: (ParMarkBitMap*) 0x00007f1ab6bbb540
 Begin Bits: [0x00007f1a982d0000, 0x00007f1a9a168000)
 End Bits:   [0x00007f1a9a168000, 0x00007f1a9c000000)

Polling page: 0x00007f1ab7a0e000

CodeCache: size=245760Kb used=11008Kb max_used=11008Kb free=234751Kb
 bounds [0x00007f1aa1000000, 0x00007f1aa1ad0000, 0x00007f1ab0000000]
 total_blobs=5946 nmethods=5380 adapters=479
 compilation: enabled

Compilation events (10 events):
Event: 88.405 Thread 0x00007f1ab00c5000 5525       1       org.springframework.boot.autoconfigure.condition.OnBeanCondition::getMatchOutcome (378 bytes)
Event: 88.412 Thread 0x00007f1ab00c5000 nmethod 5525 0x00007f1aa1abfb50 code [0x00007f1aa1ac0140, 0x00007f1aa1ac26e8]
Event: 88.412 Thread 0x00007f1ab00c5000 5528   !   1       sun.reflect.GeneratedConstructorAccessor11::newInstance (49 bytes)
Event: 88.413 Thread 0x00007f1ab00c5000 nmethod 5528 0x00007f1aa1ac4990 code [0x00007f1aa1ac4b40, 0x00007f1aa1ac4f88]
Event: 88.413 Thread 0x00007f1ab00c5000 5527       1       org.springframework.boot.autoconfigure.condition.ConditionMessage$ItemsBuilder::items (9 bytes)
Event: 88.413 Thread 0x00007f1ab00c5000 nmethod 5527 0x00007f1aa1ac5290 code [0x00007f1aa1ac5400, 0x00007f1aa1ac5548]
Event: 88.413 Thread 0x00007f1ab00c5000 5526       1       org.springframework.boot.autoconfigure.condition.ConditionMessage$Builder::didNotFind (7 bytes)
Event: 88.413 Thread 0x00007f1ab00c5000 nmethod 5526 0x00007f1aa1ac55d0 code [0x00007f1aa1ac5740, 0x00007f1aa1ac58e8]
Event: 88.559 Thread 0x00007f1ab00c5000 5529       1       org.springframework.boot.autoconfigure.condition.OnBeanCondition::getConfigurationPhase (4 bytes)
Event: 88.559 Thread 0x00007f1ab00c5000 nmethod 5529 0x00007f1aa1ac59d0 code [0x00007f1aa1ac5b20, 0x00007f1aa1ac5c30]

GC Heap History (10 events):
Event: 2.894 GC heap after
Heap after GC invocations=10 (full 1):
 PSYoungGen      total 260608K, used 10721K [0x00000000d7380000, 0x00000000ee000000, 0x0000000100000000)
  eden space 249856K, 0% used [0x00000000d7380000,0x00000000d7380000,0x00000000e6780000)
  from space 10752K, 99% used [0x00000000e6780000,0x00000000e71f8668,0x00000000e7200000)
  to   space 16384K, 0% used [0x00000000ed000000,0x00000000ed000000,0x00000000ee000000)
 ParOldGen       total 49664K, used 19801K [0x0000000085a00000, 0x0000000088a80000, 0x00000000d7380000)
  object space 49664K, 39% used [0x0000000085a00000,0x0000000086d56648,0x0000000088a80000)
 Metaspace       used 34673K, capacity 35258K, committed 35456K, reserved 1079296K
  class space    used 4518K, capacity 4679K, committed 4736K, reserved 1048576K
}
Event: 2.894 GC heap before
{Heap before GC invocations=11 (full 2):
 PSYoungGen      total 260608K, used 10721K [0x00000000d7380000, 0x00000000ee000000, 0x0000000100000000)
  eden space 249856K, 0% used [0x00000000d7380000,0x00000000d7380000,0x00000000e6780000)
  from space 10752K, 99% used [0x00000000e6780000,0x00000000e71f8668,0x00000000e7200000)
  to   space 16384K, 0% used [0x00000000ed000000,0x00000000ed000000,0x00000000ee000000)
 ParOldGen       total 49664K, used 19801K [0x0000000085a00000, 0x0000000088a80000, 0x00000000d7380000)
  object space 49664K, 39% used [0x0000000085a00000,0x0000000086d56648,0x0000000088a80000)
 Metaspace       used 34673K, capacity 35258K, committed 35456K, reserved 1079296K
  class space    used 4518K, capacity 4679K, committed 4736K, reserved 1048576K
Event: 2.947 GC heap after
Heap after GC invocations=11 (full 2):
 PSYoungGen      total 260608K, used 0K [0x00000000d7380000, 0x00000000ee000000, 0x0000000100000000)
  eden space 249856K, 0% used [0x00000000d7380000,0x00000000d7380000,0x00000000e6780000)
  from space 10752K, 0% used [0x00000000e6780000,0x00000000e6780000,0x00000000e7200000)
  to   space 16384K, 0% used [0x00000000ed000000,0x00000000ed000000,0x00000000ee000000)
 ParOldGen       total 87040K, used 29535K [0x0000000085a00000, 0x000000008af00000, 0x00000000d7380000)
  object space 87040K, 33% used [0x0000000085a00000,0x00000000876d7d68,0x000000008af00000)
 Metaspace       used 34673K, capacity 35258K, committed 35456K, reserved 1079296K
  class space    used 4518K, capacity 4679K, committed 4736K, reserved 1048576K
}
Event: 3.972 GC heap before
{Heap before GC invocations=12 (full 2):
 PSYoungGen      total 260608K, used 249856K [0x00000000d7380000, 0x00000000ee000000, 0x0000000100000000)
  eden space 249856K, 100% used [0x00000000d7380000,0x00000000e6780000,0x00000000e6780000)
  from space 10752K, 0% used [0x00000000e6780000,0x00000000e6780000,0x00000000e7200000)
  to   space 16384K, 0% used [0x00000000ed000000,0x00000000ed000000,0x00000000ee000000)
 ParOldGen       total 87040K, used 29535K [0x0000000085a00000, 0x000000008af00000, 0x00000000d7380000)
  object space 87040K, 33% used [0x0000000085a00000,0x00000000876d7d68,0x000000008af00000)
 Metaspace       used 42667K, capacity 43238K, committed 43392K, reserved 1087488K
  class space    used 5566K, capacity 5695K, committed 5760K, reserved 1048576K
Event: 3.984 GC heap after
Heap after GC invocations=12 (full 2):
 PSYoungGen      total 355328K, used 14824K [0x00000000d7380000, 0x00000000ee380000, 0x0000000100000000)
  eden space 338944K, 0% used [0x00000000d7380000,0x00000000d7380000,0x00000000ebe80000)
  from space 16384K, 90% used [0x00000000ed000000,0x00000000ede7a098,0x00000000ee000000)
  to   space 17920K, 0% used [0x00000000ebe80000,0x00000000ebe80000,0x00000000ed000000)
 ParOldGen       total 87040K, used 29543K [0x0000000085a00000, 0x000000008af00000, 0x00000000d7380000)
  object space 87040K, 33% used [0x0000000085a00000,0x00000000876d9d68,0x000000008af00000)
 Metaspace       used 42667K, capacity 43238K, committed 43392K, reserved 1087488K
  class space    used 5566K, capacity 5695K, committed 5760K, reserved 1048576K
}
Event: 74.513 GC heap before
{Heap before GC invocations=13 (full 2):
 PSYoungGen      total 355328K, used 273299K [0x00000000d7380000, 0x00000000ee380000, 0x0000000100000000)
  eden space 338944K, 76% used [0x00000000d7380000,0x00000000e6feacb8,0x00000000ebe80000)
  from space 16384K, 90% used [0x00000000ed000000,0x00000000ede7a098,0x00000000ee000000)
  to   space 17920K, 0% used [0x00000000ebe80000,0x00000000ebe80000,0x00000000ed000000)
 ParOldGen       total 87040K, used 29543K [0x0000000085a00000, 0x000000008af00000, 0x00000000d7380000)
  object space 87040K, 33% used [0x0000000085a00000,0x00000000876d9d68,0x000000008af00000)
 Metaspace       used 48756K, capacity 49346K, committed 49664K, reserved 1091584K
  class space    used 6391K, capacity 6545K, committed 6656K, reserved 1048576K
Event: 74.547 GC heap after
Heap after GC invocations=13 (full 2):
 PSYoungGen      total 356864K, used 9891K [0x00000000d7380000, 0x00000000ee280000, 0x0000000100000000)
  eden space 338944K, 0% used [0x00000000d7380000,0x00000000d7380000,0x00000000ebe80000)
  from space 17920K, 55% used [0x00000000ebe80000,0x00000000ec828c58,0x00000000ed000000)
  to   space 17408K, 0% used [0x00000000ed180000,0x00000000ed180000,0x00000000ee280000)
 ParOldGen       total 87040K, used 36631K [0x0000000085a00000, 0x000000008af00000, 0x00000000d7380000)
  object space 87040K, 42% used [0x0000000085a00000,0x0000000087dc5c38,0x000000008af00000)
 Metaspace       used 48756K, capacity 49346K, committed 49664K, reserved 1091584K
  class space    used 6391K, capacity 6545K, committed 6656K, reserved 1048576K
}
Event: 74.547 GC heap before
{Heap before GC invocations=14 (full 3):
 PSYoungGen      total 356864K, used 9891K [0x00000000d7380000, 0x00000000ee280000, 0x0000000100000000)
  eden space 338944K, 0% used [0x00000000d7380000,0x00000000d7380000,0x00000000ebe80000)
  from space 17920K, 55% used [0x00000000ebe80000,0x00000000ec828c58,0x00000000ed000000)
  to   space 17408K, 0% used [0x00000000ed180000,0x00000000ed180000,0x00000000ee280000)
 ParOldGen       total 87040K, used 36631K [0x0000000085a00000, 0x000000008af00000, 0x00000000d7380000)
  object space 87040K, 42% used [0x0000000085a00000,0x0000000087dc5c38,0x000000008af00000)
 Metaspace       used 48756K, capacity 49346K, committed 49664K, reserved 1091584K
  class space    used 6391K, capacity 6545K, committed 6656K, reserved 1048576K
Event: 74.693 GC heap after
Heap after GC invocations=14 (full 3):
 PSYoungGen      total 356864K, used 0K [0x00000000d7380000, 0x00000000ee280000, 0x0000000100000000)
  eden space 338944K, 0% used [0x00000000d7380000,0x00000000d7380000,0x00000000ebe80000)
  from space 17920K, 0% used [0x00000000ebe80000,0x00000000ebe80000,0x00000000ed000000)
  to   space 17408K, 0% used [0x00000000ed180000,0x00000000ed180000,0x00000000ee280000)
 ParOldGen       total 87040K, used 32755K [0x0000000085a00000, 0x000000008af00000, 0x00000000d7380000)
  object space 87040K, 37% used [0x0000000085a00000,0x00000000879fcc70,0x000000008af00000)
 Metaspace       used 48734K, capacity 49310K, committed 49664K, reserved 1091584K
  class space    used 6387K, capacity 6539K, committed 6656K, reserved 1048576K
}
Event: 88.723 GC heap before
{Heap before GC invocations=15 (full 3):
 PSYoungGen      total 356864K, used 338944K [0x00000000d7380000, 0x00000000ee280000, 0x0000000100000000)
  eden space 338944K, 100% used [0x00000000d7380000,0x00000000ebe80000,0x00000000ebe80000)
  from space 17920K, 0% used [0x00000000ebe80000,0x00000000ebe80000,0x00000000ed000000)
  to   space 17408K, 0% used [0x00000000ed180000,0x00000000ed180000,0x00000000ee280000)
 ParOldGen       total 87040K, used 32755K [0x0000000085a00000, 0x000000008af00000, 0x00000000d7380000)
  object space 87040K, 37% used [0x0000000085a00000,0x00000000879fcc70,0x000000008af00000)
 Metaspace       used 49113K, capacity 49840K, committed 49920K, reserved 1093632K
  class space    used 6452K, capacity 6647K, committed 6656K, reserved 1048576K

Deoptimization events (0 events):
No events

Classes redefined (0 events):
No events

Internal exceptions (10 events):
Event: 76.525 Thread 0x00007f1a28042800 Exception <a 'java/lang/ArrayIndexOutOfBoundsException'> (0x00000000e429bb98) thrown at [/build/openjdk-8-g3XteX/openjdk-8-8u222-b10/src/hotspot/src/share/vm/runtime/sharedRuntime.cpp, line 605]
Event: 76.525 Thread 0x00007f1a28042800 Exception <a 'java/lang/ArrayIndexOutOfBoundsException'> (0x00000000e429df18) thrown at [/build/openjdk-8-g3XteX/openjdk-8-8u222-b10/src/hotspot/src/share/vm/runtime/sharedRuntime.cpp, line 605]
Event: 76.527 Thread 0x00007f1a28042800 Exception <a 'java/lang/ArrayIndexOutOfBoundsException'> (0x00000000e42a9e10) thrown at [/build/openjdk-8-g3XteX/openjdk-8-8u222-b10/src/hotspot/src/share/vm/runtime/sharedRuntime.cpp, line 605]
Event: 76.527 Thread 0x00007f1a28042800 Exception <a 'java/lang/ArrayIndexOutOfBoundsException'> (0x00000000e42abe40) thrown at [/build/openjdk-8-g3XteX/openjdk-8-8u222-b10/src/hotspot/src/share/vm/runtime/sharedRuntime.cpp, line 605]
Event: 76.527 Thread 0x00007f1a28042800 Exception <a 'java/lang/ArrayIndexOutOfBoundsException'> (0x00000000e42ae2b0) thrown at [/build/openjdk-8-g3XteX/openjdk-8-8u222-b10/src/hotspot/src/share/vm/runtime/sharedRuntime.cpp, line 605]
Event: 76.528 Thread 0x00007f1a28042800 Exception <a 'java/lang/ArrayIndexOutOfBoundsException'> (0x00000000e42bf5d8) thrown at [/build/openjdk-8-g3XteX/openjdk-8-8u222-b10/src/hotspot/src/share/vm/runtime/sharedRuntime.cpp, line 605]
Event: 76.593 Thread 0x00007f1a28042800 Exception <a 'java/lang/reflect/InvocationTargetException'> (0x00000000e43892a8) thrown at [/build/openjdk-8-g3XteX/openjdk-8-8u222-b10/src/hotspot/src/share/vm/runtime/reflection.cpp, line 1092]
Event: 82.963 Thread 0x00007f1a28044000 Exception <a 'java/io/FileNotFoundException'> (0x00000000e4739160) thrown at [/build/openjdk-8-g3XteX/openjdk-8-8u222-b10/src/hotspot/src/share/vm/prims/jni.cpp, line 710]
Event: 88.353 Thread 0x00007f1a28044000 Exception <a 'java/lang/ArrayIndexOutOfBoundsException'> (0x00000000eba1d640) thrown at [/build/openjdk-8-g3XteX/openjdk-8-8u222-b10/src/hotspot/src/share/vm/runtime/sharedRuntime.cpp, line 605]
Event: 88.405 Thread 0x00007f1a28044000 Exception <a 'java/lang/ArrayIndexOutOfBoundsException'> (0x00000000ebaa4d98) thrown at [/build/openjdk-8-g3XteX/openjdk-8-8u222-b10/src/hotspot/src/share/vm/runtime/sharedRuntime.cpp, line 605]

Events (10 events):
Event: 88.535 loading class org/thymeleaf/spring4$SpringTemplateEngine done
Event: 88.535 loading class org/apache/jasper/compiler/JspConfig
Event: 88.535 loading class org/apache/jasper/compiler/JspConfig done
Event: 88.535 loading class org/apache/jasper/compiler$JspConfig
Event: 88.535 loading class org/apache/jasper/compiler$JspConfig done
Event: 88.560 loading class org/springframework/security/authentication/event/AbstractAuthenticationEvent
Event: 88.560 loading class org/springframework/security/authentication/event/AbstractAuthenticationEvent done
Event: 88.575 loading class org/springframework/security/access/event/AbstractAuthorizationEvent
Event: 88.575 loading class org/springframework/security/access/event/AbstractAuthorizationEvent done
Event: 88.675 Executing VM operation: ParallelGCFailedAllocation


Dynamic libraries:
00400000-00401000 r-xp 00000000 fd:01 10224466                           /usr/lib/jvm/java-8-openjdk-amd64/jre/bin/java
00600000-00601000 r--p 00000000 fd:01 10224466                           /usr/lib/jvm/java-8-openjdk-amd64/jre/bin/java
00601000-00602000 rw-p 00001000 fd:01 10224466                           /usr/lib/jvm/java-8-openjdk-amd64/jre/bin/java
0237f000-023a0000 rw-p 00000000 00:00 0                                  [heap]
85a00000-8af00000 rw-p 00000000 00:00 0 
8af00000-d7380000 ---p 00000000 00:00 0 
d7380000-ee280000 rw-p 00000000 00:00 0 
f5400000-100000000 ---p 00000000 00:00 0 
100000000-100680000 rw-p 00000000 00:00 0 
100680000-140000000 ---p 00000000 00:00 0 
7f19d8000000-7f19d8021000 rw-p 00000000 00:00 0 
7f19d8021000-7f19dc000000 ---p 00000000 00:00 0 
7f19dc000000-7f19dc021000 rw-p 00000000 00:00 0 
7f19dc021000-7f19e0000000 ---p 00000000 00:00 0 
7f19e0000000-7f19e0021000 rw-p 00000000 00:00 0 
7f19e0021000-7f19e4000000 ---p 00000000 00:00 0 
7f19e4000000-7f19e4021000 rw-p 00000000 00:00 0 
7f19e4021000-7f19e8000000 ---p 00000000 00:00 0 
7f19e8000000-7f19e8021000 rw-p 00000000 00:00 0 
7f19e8021000-7f19ec000000 ---p 00000000 00:00 0 
7f19ec000000-7f19ec021000 rw-p 00000000 00:00 0 
7f19ec021000-7f19f0000000 ---p 00000000 00:00 0 
7f19f0000000-7f19f0021000 rw-p 00000000 00:00 0 
7f19f0021000-7f19f4000000 ---p 00000000 00:00 0 
7f19f4000000-7f19f4021000 rw-p 00000000 00:00 0 
7f19f4021000-7f19f8000000 ---p 00000000 00:00 0 
7f19f8000000-7f19f8021000 rw-p 00000000 00:00 0 
7f19f8021000-7f19fc000000 ---p 00000000 00:00 0 
7f19fc000000-7f19fc021000 rw-p 00000000 00:00 0 
7f19fc021000-7f1a00000000 ---p 00000000 00:00 0 
7f1a00000000-7f1a00021000 rw-p 00000000 00:00 0 
7f1a00021000-7f1a04000000 ---p 00000000 00:00 0 
7f1a04000000-7f1a04021000 rw-p 00000000 00:00 0 
7f1a04021000-7f1a08000000 ---p 00000000 00:00 0 
7f1a08000000-7f1a08021000 rw-p 00000000 00:00 0 
7f1a08021000-7f1a0c000000 ---p 00000000 00:00 0 
7f1a0c000000-7f1a0c0c1000 rw-p 00000000 00:00 0 
7f1a0c0c1000-7f1a10000000 ---p 00000000 00:00 0 
7f1a10000000-7f1a10021000 rw-p 00000000 00:00 0 
7f1a10021000-7f1a14000000 ---p 00000000 00:00 0 
7f1a14000000-7f1a14021000 rw-p 00000000 00:00 0 
7f1a14021000-7f1a18000000 ---p 00000000 00:00 0 
7f1a18000000-7f1a18021000 rw-p 00000000 00:00 0 
7f1a18021000-7f1a1c000000 ---p 00000000 00:00 0 
7f1a1c000000-7f1a1c021000 rw-p 00000000 00:00 0 
7f1a1c021000-7f1a20000000 ---p 00000000 00:00 0 
7f1a20000000-7f1a20021000 rw-p 00000000 00:00 0 
7f1a20021000-7f1a24000000 ---p 00000000 00:00 0 
7f1a24000000-7f1a24021000 rw-p 00000000 00:00 0 
7f1a24021000-7f1a28000000 ---p 00000000 00:00 0 
7f1a28000000-7f1a28059000 rw-p 00000000 00:00 0 
7f1a28059000-7f1a2c000000 ---p 00000000 00:00 0 
7f1a2c7e2000-7f1a2c822000 rw-p 00000000 00:00 0 
7f1a2c822000-7f1a2c9e2000 ---p 00000000 00:00 0 
7f1a2c9e2000-7f1a2cbe2000 rw-p 00000000 00:00 0 
7f1a2cbe2000-7f1a2cbe5000 ---p 00000000 00:00 0 
7f1a2cbe5000-7f1a2cce3000 rw-p 00000000 00:00 0 
7f1a2cce3000-7f1a2cce6000 ---p 00000000 00:00 0 
7f1a2cce6000-7f1a2cde4000 rw-p 00000000 00:00 0 
7f1a2cde4000-7f1a2cde7000 ---p 00000000 00:00 0 
7f1a2cde7000-7f1a2cee5000 rw-p 00000000 00:00 0 
7f1a2cee5000-7f1a2cee8000 ---p 00000000 00:00 0 
7f1a2cee8000-7f1a2cfe6000 rw-p 00000000 00:00 0 
7f1a2cfe6000-7f1a2cfe9000 ---p 00000000 00:00 0 
7f1a2cfe9000-7f1a2d0e7000 rw-p 00000000 00:00 0 
7f1a2d0e7000-7f1a2d0ea000 ---p 00000000 00:00 0 
7f1a2d0ea000-7f1a2d1e8000 rw-p 00000000 00:00 0 
7f1a2d1e8000-7f1a2d1eb000 ---p 00000000 00:00 0 
7f1a2d1eb000-7f1a2d2e9000 rw-p 00000000 00:00 0 
7f1a2d2e9000-7f1a2d2ec000 ---p 00000000 00:00 0 
7f1a2d2ec000-7f1a2d3ea000 rw-p 00000000 00:00 0 
7f1a2d3ea000-7f1a2d3ed000 ---p 00000000 00:00 0 
7f1a2d3ed000-7f1a2d4eb000 rw-p 00000000 00:00 0 
7f1a2d4eb000-7f1a2d4ee000 ---p 00000000 00:00 0 
7f1a2d4ee000-7f1a2d5ec000 rw-p 00000000 00:00 0 
7f1a2d5ec000-7f1a2d5ef000 ---p 00000000 00:00 0 
7f1a2d5ef000-7f1a2d6ed000 rw-p 00000000 00:00 0 
7f1a2d6ed000-7f1a2d6f0000 ---p 00000000 00:00 0 
7f1a2d6f0000-7f1a2d7ee000 rw-p 00000000 00:00 0 
7f1a2d7ee000-7f1a2d7f1000 ---p 00000000 00:00 0 
7f1a2d7f1000-7f1a2d8ef000 rw-p 00000000 00:00 0 
7f1a2d8ef000-7f1a2d8f2000 ---p 00000000 00:00 0 
7f1a2d8f2000-7f1a2d9f0000 rw-p 00000000 00:00 0 
7f1a2d9f0000-7f1a2d9f3000 ---p 00000000 00:00 0 
7f1a2d9f3000-7f1a2daf1000 rw-p 00000000 00:00 0 
7f1a2daf1000-7f1a2daf4000 ---p 00000000 00:00 0 
7f1a2daf4000-7f1a2dbf2000 rw-p 00000000 00:00 0 
7f1a2dbf2000-7f1a2dbf5000 ---p 00000000 00:00 0 
7f1a2dbf5000-7f1a2dcf3000 rw-p 00000000 00:00 0 
7f1a2dcf3000-7f1a2dcf6000 ---p 00000000 00:00 0 
7f1a2dcf6000-7f1a2ddf4000 rw-p 00000000 00:00 0 
7f1a2ddf4000-7f1a2ddf7000 ---p 00000000 00:00 0 
7f1a2ddf7000-7f1a2def5000 rw-p 00000000 00:00 0 
7f1a2def5000-7f1a2def8000 ---p 00000000 00:00 0 
7f1a2def8000-7f1a2dff6000 rw-p 00000000 00:00 0 
7f1a2dff6000-7f1a2dff9000 ---p 00000000 00:00 0 
7f1a2dff9000-7f1a2e0f7000 rw-p 00000000 00:00 0 
7f1a2e0f7000-7f1a2e0fa000 ---p 00000000 00:00 0 
7f1a2e0fa000-7f1a2e1f8000 rw-p 00000000 00:00 0 
7f1a2e1f8000-7f1a2e1fb000 ---p 00000000 00:00 0 
7f1a2e1fb000-7f1a2e2f9000 rw-p 00000000 00:00 0 
7f1a2e2f9000-7f1a2e2fc000 ---p 00000000 00:00 0 
7f1a2e2fc000-7f1a2e3fa000 rw-p 00000000 00:00 0 
7f1a2e3fa000-7f1a2e3fd000 ---p 00000000 00:00 0 
7f1a2e3fd000-7f1a2e6fb000 rw-p 00000000 00:00 0 
7f1a2e6fb000-7f1a2e8fb000 rw-p 00000000 00:00 0 
7f1a2e8fb000-7f1a2eafb000 rw-p 00000000 00:00 0 
7f1a2eafb000-7f1a2ecfb000 rw-p 00000000 00:00 0 
7f1a2ecfb000-7f1a2eefb000 rw-p 00000000 00:00 0 
7f1a2eefb000-7f1a2f0fb000 rw-p 00000000 00:00 0 
7f1a2f0fb000-7f1a2f2fb000 rw-p 00000000 00:00 0 
7f1a2f2fb000-7f1a2f2fe000 ---p 00000000 00:00 0 
7f1a2f2fe000-7f1a2f3fc000 rw-p 00000000 00:00 0 
7f1a2f3fc000-7f1a2f3ff000 ---p 00000000 00:00 0 
7f1a2f3ff000-7f1a2f4fd000 rw-p 00000000 00:00 0 
7f1a2f4fd000-7f1a2f500000 ---p 00000000 00:00 0 
7f1a2f500000-7f1a2f5fe000 rw-p 00000000 00:00 0 
7f1a2f5fe000-7f1a2f601000 ---p 00000000 00:00 0 
7f1a2f601000-7f1a2f6ff000 rw-p 00000000 00:00 0 
7f1a2f6ff000-7f1a2f702000 ---p 00000000 00:00 0 
7f1a2f702000-7f1a2fa00000 rw-p 00000000 00:00 0 
7f1a2fa00000-7f1a2fc00000 rw-p 00000000 00:00 0 
7f1a2fc00000-7f1a2fe00000 rw-p 00000000 00:00 0 
7f1a2fe00000-7f1a30000000 rw-p 00000000 00:00 0 
7f1a30000000-7f1a30021000 rw-p 00000000 00:00 0 
7f1a30021000-7f1a34000000 ---p 00000000 00:00 0 
7f1a34000000-7f1a34287000 rw-p 00000000 00:00 0 
7f1a34287000-7f1a38000000 ---p 00000000 00:00 0 
7f1a38000000-7f1a38021000 rw-p 00000000 00:00 0 
7f1a38021000-7f1a3c000000 ---p 00000000 00:00 0 
7f1a3c000000-7f1a3cf48000 rw-p 00000000 00:00 0 
7f1a3cf48000-7f1a40000000 ---p 00000000 00:00 0 
7f1a40000000-7f1a40021000 rw-p 00000000 00:00 0 
7f1a40021000-7f1a44000000 ---p 00000000 00:00 0 
7f1a44000000-7f1a44021000 rw-p 00000000 00:00 0 
7f1a44021000-7f1a48000000 ---p 00000000 00:00 0 
7f1a48000000-7f1a48021000 rw-p 00000000 00:00 0 
7f1a48021000-7f1a4c000000 ---p 00000000 00:00 0 
7f1a4c000000-7f1a4c021000 rw-p 00000000 00:00 0 
7f1a4c021000-7f1a50000000 ---p 00000000 00:00 0 
7f1a50000000-7f1a50021000 rw-p 00000000 00:00 0 
7f1a50021000-7f1a54000000 ---p 00000000 00:00 0 
7f1a54000000-7f1a54021000 rw-p 00000000 00:00 0 
7f1a54021000-7f1a58000000 ---p 00000000 00:00 0 
7f1a58000000-7f1a58021000 rw-p 00000000 00:00 0 
7f1a58021000-7f1a5c000000 ---p 00000000 00:00 0 
7f1a5c000000-7f1a5c021000 rw-p 00000000 00:00 0 
7f1a5c021000-7f1a60000000 ---p 00000000 00:00 0 
7f1a600f8000-7f1a602f8000 rw-p 00000000 00:00 0 
7f1a602f8000-7f1a604f8000 rw-p 00000000 00:00 0 
7f1a604f8000-7f1a606f8000 rw-p 00000000 00:00 0 
7f1a606f8000-7f1a606fb000 ---p 00000000 00:00 0 
7f1a606fb000-7f1a607f9000 rw-p 00000000 00:00 0 
7f1a607f9000-7f1a607fc000 ---p 00000000 00:00 0 
7f1a607fc000-7f1a608fa000 rw-p 00000000 00:00 0 
7f1a608fa000-7f1a608fd000 ---p 00000000 00:00 0 
7f1a608fd000-7f1a609fb000 rw-p 00000000 00:00 0 
7f1a609fb000-7f1a609fe000 ---p 00000000 00:00 0 
7f1a609fe000-7f1a60afc000 rw-p 00000000 00:00 0 
7f1a60afc000-7f1a60aff000 ---p 00000000 00:00 0 
7f1a60aff000-7f1a60bfd000 rw-p 00000000 00:00 0 
7f1a60bfd000-7f1a60c00000 ---p 00000000 00:00 0 
7f1a60c00000-7f1a60efe000 rw-p 00000000 00:00 0 
7f1a60efe000-7f1a60f01000 ---p 00000000 00:00 0 
7f1a60f01000-7f1a64000000 rw-p 00000000 00:00 0 
7f1a64000000-7f1a64021000 rw-p 00000000 00:00 0 
7f1a64021000-7f1a68000000 ---p 00000000 00:00 0 
7f1a68000000-7f1a686a0000 rw-p 00000000 00:00 0 
7f1a686a0000-7f1a6c000000 ---p 00000000 00:00 0 
7f1a6c000000-7f1a6c021000 rw-p 00000000 00:00 0 
7f1a6c021000-7f1a70000000 ---p 00000000 00:00 0 
7f1a70000000-7f1a70046000 rw-p 00000000 00:00 0 
7f1a70046000-7f1a74000000 ---p 00000000 00:00 0 
7f1a74000000-7f1a74021000 rw-p 00000000 00:00 0 
7f1a74021000-7f1a78000000 ---p 00000000 00:00 0 
7f1a78000000-7f1a78021000 rw-p 00000000 00:00 0 
7f1a78021000-7f1a7c000000 ---p 00000000 00:00 0 
7f1a7c000000-7f1a7c021000 rw-p 00000000 00:00 0 
7f1a7c021000-7f1a80000000 ---p 00000000 00:00 0 
7f1a8008c000-7f1a8009f000 r--s 00346000 fd:01 10226245                   /usr/lib/jvm/java-8-openjdk-amd64/jre/lib/resources.jar
7f1a8009f000-7f1a800a4000 r--s 002f9000 fd:01 10226242                   /usr/lib/jvm/java-8-openjdk-amd64/jre/lib/charsets.jar
7f1a800a4000-7f1a802a4000 rw-p 00000000 00:00 0 
7f1a802a4000-7f1a802a5000 ---p 00000000 00:00 0 
7f1a802a5000-7f1a803a5000 rw-p 00000000 00:00 0 
7f1a803a5000-7f1a803a8000 ---p 00000000 00:00 0 
7f1a803a8000-7f1a804a6000 rw-p 00000000 00:00 0 
7f1a804a6000-7f1a804a9000 ---p 00000000 00:00 0 
7f1a804a9000-7f1a805a7000 rw-p 00000000 00:00 0 
7f1a805a7000-7f1a805aa000 ---p 00000000 00:00 0 
7f1a805aa000-7f1a806a8000 rw-p 00000000 00:00 0 
7f1a806a8000-7f1a806ad000 r--s 000a3000 fd:01 10226244                   /usr/lib/jvm/java-8-openjdk-amd64/jre/lib/jsse.jar
7f1a806ad000-7f1a806b1000 r--s 0000c000 fd:01 788026                     /root/.m2/repository/javax/validation/validation-api/1.1.0.Final/validation-api-1.1.0.Final.jar
7f1a806b1000-7f1a806b3000 r--s 002c4000 fd:01 788024                     /root/.m2/repository/io/springfox/springfox-swagger-ui/2.9.2/springfox-swagger-ui-2.9.2.jar
7f1a806b3000-7f1a806b5000 r--s 00004000 fd:01 788022                     /root/.m2/repository/org/mapstruct/mapstruct/1.2.0.Final/mapstruct-1.2.0.Final.jar
7f1a806b5000-7f1a806b7000 r--s 00000000 fd:01 788020                     /root/.m2/repository/org/springframework/plugin/spring-plugin-metadata/1.2.0.RELEASE/spring-plugin-metadata-1.2.0.RELEASE.jar
7f1a806b7000-7f1a806b8000 r--s 00004000 fd:01 788018                     /root/.m2/repository/org/springframework/plugin/spring-plugin-core/1.2.0.RELEASE/spring-plugin-core-1.2.0.RELEASE.jar
7f1a806b8000-7f1a806ba000 r--s 00009000 fd:01 788016                     /root/.m2/repository/org/slf4j/slf4j-api/1.7.26/slf4j-api-1.7.26.jar
7f1a806ba000-7f1a806bc000 r--s 0000e000 fd:01 788014                     /root/.m2/repository/com/fasterxml/classmate/1.3.4/classmate-1.3.4.jar
7f1a806bc000-7f1a806eb000 r--s 00226000 fd:01 788012                     /root/.m2/repository/com/google/guava/guava/20.0/guava-20.0.jar
7f1a806eb000-7f1a806f0000 r--s 0002b000 fd:01 788010                     /root/.m2/repository/io/springfox/springfox-spring-web/2.9.2/springfox-spring-web-2.9.2.jar
7f1a806f0000-7f1a806f4000 r--s 00017000 fd:01 788008                     /root/.m2/repository/io/springfox/springfox-swagger-common/2.9.2/springfox-swagger-common-2.9.2.jar
7f1a806f4000-7f1a806f7000 r--s 00012000 fd:01 788006                     /root/.m2/repository/io/springfox/springfox-schema/2.9.2/springfox-schema-2.9.2.jar
7f1a806f7000-7f1a80737000 r--s 00296000 fd:01 788004                     /root/.m2/repository/net/bytebuddy/byte-buddy/1.8.12/byte-buddy-1.8.12.jar
7f1a80737000-7f1a8073b000 r--s 00019000 fd:01 788002                     /root/.m2/repository/io/springfox/springfox-core/2.9.2/springfox-core-2.9.2.jar
7f1a8073b000-7f1a8073e000 r--s 0000b000 fd:01 788000                     /root/.m2/repository/io/springfox/springfox-spi/2.9.2/springfox-spi-2.9.2.jar
7f1a8073e000-7f1a80742000 r--s 00022000 fd:01 787998                     /root/.m2/repository/io/swagger/swagger-models/1.5.20/swagger-models-1.5.20.jar
7f1a80742000-7f1a80744000 r--s 00004000 fd:01 787996                     /root/.m2/repository/io/swagger/swagger-annotations/1.5.20/swagger-annotations-1.5.20.jar
7f1a80744000-7f1a80747000 r--s 0000e000 fd:01 787994                     /root/.m2/repository/io/springfox/springfox-swagger2/2.9.2/springfox-swagger2-2.9.2.jar
7f1a80747000-7f1a8075e000 r--s 000fe000 fd:01 787990                     /root/.m2/repository/org/springframework/spring-core/4.3.23.RELEASE/spring-core-4.3.23.RELEASE.jar
7f1a8075e000-7f1a80766000 r--s 00097000 fd:01 787958                     /root/.m2/repository/org/postgresql/postgresql/9.4-1201-jdbc4/postgresql-9.4-1201-jdbc4.jar
7f1a80766000-7f1a8076f000 r--s 000ed000 fd:01 787956                     /root/.m2/repository/mysql/mysql-connector-java/5.1.47/mysql-connector-java-5.1.47.jar
7f1a8076f000-7f1a8078f000 r--s 000e7000 fd:01 787954                     /root/.m2/repository/org/springframework/boot/spring-boot-autoconfigure/1.5.20.RELEASE/spring-boot-autoconfigure-1.5.20.RELEASE.jar
7f1a8078f000-7f1a807a0000 r--s 00097000 fd:01 787952                     /root/.m2/repository/org/springframework/boot/spring-boot/1.5.20.RELEASE/spring-boot-1.5.20.RELEASE.jar
7f1a807a0000-7f1a807a6000 r--s 00030000 fd:01 787950                     /root/.m2/repository/org/springframework/boot/spring-boot-devtools/1.5.20.RELEASE/spring-boot-devtools-1.5.20.RELEASE.jar
7f1a807a6000-7f1a807a9000 r--s 0000c000 fd:01 787948                     /root/.m2/repository/org/springframework/spring-aspects/4.3.23.RELEASE/spring-aspects-4.3.23.RELEASE.jar
7f1a807a9000-7f1a807ab000 r--s 00003000 fd:01 787946                     /root/.m2/repository/org/slf4j/jcl-over-slf4j/1.7.26/jcl-over-slf4j-1.7.26.jar
7f1a807ab000-7f1a807b3000 r--s 0003a000 fd:01 787944                     /root/.m2/repository/org/springframework/spring-tx/4.3.23.RELEASE/spring-tx-4.3.23.RELEASE.jar
7f1a807b3000-7f1a807bd000 r--s 0006b000 fd:01 787942                     /root/.m2/repository/org/springframework/spring-orm/4.3.23.RELEASE/spring-orm-4.3.23.RELEASE.jar
7f1a807bd000-7f1a807d0000 r--s 000b3000 fd:01 787940                     /root/.m2/repository/org/springframework/data/spring-data-commons/1.13.20.RELEASE/spring-data-commons-1.13.20.RELEASE.jar
7f1a807d0000-7f1a807d7000 r--s 00045000 fd:01 787938                     /root/.m2/repository/org/springframework/data/spring-data-jpa/1.11.20.RELEASE/spring-data-jpa-1.11.20.RELEASE.jar
7f1a807d7000-7f1a807d9000 r--s 00006000 fd:01 787936                     /root/.m2/repository/javax/transaction/javax.transaction-api/1.2/javax.transaction-api-1.2.jar
7f1a807d9000-7f1a807e6000 r--s 00089000 fd:01 787934                     /root/.m2/repository/org/hibernate/hibernate-entitymanager/5.0.12.Final/hibernate-entitymanager-5.0.12.Final.jar
7f1a807e6000-7f1a807e9000 r--s 00010000 fd:01 787932                     /root/.m2/repository/org/hibernate/common/hibernate-commons-annotations/5.0.1.Final/hibernate-commons-annotations-5.0.1.Final.jar
7f1a807e9000-7f1a807ee000 r--s 00048000 fd:01 787930                     /root/.m2/repository/dom4j/dom4j/1.6.1/dom4j-1.6.1.jar
7f1a807ee000-7f1a807f1000 r--s 0002b000 fd:01 787928                     /root/.m2/repository/org/jboss/jandex/2.0.0.Final/jandex-2.0.0.Final.jar
7f1a807f1000-7f1a807f6000 r--s 00068000 fd:01 787926                     /root/.m2/repository/antlr/antlr/2.7.7/antlr-2.7.7.jar
7f1a807f6000-7f1a80800000 r--s 000aa000 fd:01 787924                     /root/.m2/repository/org/javassist/javassist/3.21.0-GA/javassist-3.21.0-GA.jar
7f1a80800000-7f1a80805000 r--s 00017000 fd:01 787922                     /root/.m2/repository/org/hibernate/javax/persistence/hibernate-jpa-2.1-api/1.0.0.Final/hibernate-jpa-2.1-api-1.0.0.Final.jar
7f1a80805000-7f1a8086e000 r--s 004f3000 fd:01 787920                     /root/.m2/repository/org/hibernate/hibernate-core/5.0.12.Final/hibernate-core-5.0.12.Final.jar
7f1a8086e000-7f1a80878000 r--s 00060000 fd:01 787918                     /root/.m2/repository/org/springframework/spring-jdbc/4.3.23.RELEASE/spring-jdbc-4.3.23.RELEASE.jar
7f1a80878000-7f1a8087a000 r--s 0000b000 fd:01 787916                     /root/.m2/repository/org/apache/tomcat/tomcat-juli/8.5.39/tomcat-juli-8.5.39.jar
7f1a8087a000-7f1a8087d000 r--s 00022000 fd:01 787914                     /root/.m2/repository/org/apache/tomcat/tomcat-jdbc/8.5.39/tomcat-jdbc-8.5.39.jar
7f1a8087d000-7f1a8087e000 r--s 00000000 fd:01 787912                     /root/.m2/repository/org/springframework/boot/spring-boot-starter-jdbc/1.5.20.RELEASE/spring-boot-starter-jdbc-1.5.20.RELEASE.jar
7f1a8087e000-7f1a80896000 r--s 001b4000 fd:01 787910                     /root/.m2/repository/org/aspectj/aspectjweaver/1.8.14/aspectjweaver-1.8.14.jar
7f1a80896000-7f1a80897000 r--s 00000000 fd:01 787908                     /root/.m2/repository/org/springframework/boot/spring-boot-starter-aop/1.5.20.RELEASE/spring-boot-starter-aop-1.5.20.RELEASE.jar
7f1a80897000-7f1a80898000 r--s 00000000 fd:01 787906                     /root/.m2/repository/org/springframework/boot/spring-boot-starter-data-jpa/1.5.20.RELEASE/spring-boot-starter-data-jpa-1.5.20.RELEASE.jar
7f1a80898000-7f1a8089e000 r--s 0003a000 fd:01 787904                     /root/.m2/repository/org/apache/tomcat/embed/tomcat-embed-websocket/8.5.39/tomcat-embed-websocket-8.5.39.jar
7f1a8089e000-7f1a808a3000 r--s 00038000 fd:01 787902                     /root/.m2/repository/org/apache/tomcat/embed/tomcat-embed-el/8.5.39/tomcat-embed-el-8.5.39.jar
7f1a808a3000-7f1a808a5000 r--s 00002000 fd:01 787900                     /root/.m2/repository/org/apache/tomcat/tomcat-annotations-api/8.5.39/tomcat-annotations-api-8.5.39.jar
7f1a808a5000-7f1a808cf000 r--s 002d9000 fd:01 787898                     /root/.m2/repository/org/apache/tomcat/embed/tomcat-embed-core/8.5.39/tomcat-embed-core-8.5.39.jar
7f1a808cf000-7f1a808d0000 r--s 00000000 fd:01 787896                     /root/.m2/repository/org/springframework/boot/spring-boot-starter-tomcat/1.5.20.RELEASE/spring-boot-starter-tomcat-1.5.20.RELEASE.jar
7f1a808d0000-7f1a808e3000 r--s 00201000 fd:01 787894                     /root/.m2/repository/com/h2database/h2/1.4.199/h2-1.4.199.jar
7f1a808e3000-7f1a808f3000 r--s 00079000 fd:01 787892                     /root/.m2/repository/org/springframework/boot/spring-boot-actuator/1.5.20.RELEASE/spring-boot-actuator-1.5.20.RELEASE.jar
7f1a808f3000-7f1a80905000 r--s 000d0000 fd:01 787886                     /root/.m2/repository/org/springframework/spring-webmvc/4.3.23.RELEASE/spring-webmvc-4.3.23.RELEASE.jar
7f1a80905000-7f1a8091f000 r--s 000fe000 fd:01 787884                     /root/.m2/repository/org/springframework/spring-context/4.3.23.RELEASE/spring-context-4.3.23.RELEASE.jar
7f1a8091f000-7f1a80930000 r-xp 00000000 fd:01 10226227                   /usr/lib/jvm/java-8-openjdk-amd64/jre/lib/amd64/libnio.so
7f1a80930000-7f1a80b2f000 ---p 00011000 fd:01 10226227                   /usr/lib/jvm/java-8-openjdk-amd64/jre/lib/amd64/libnio.so
7f1a80b2f000-7f1a80b30000 r--p 00010000 fd:01 10226227                   /usr/lib/jvm/java-8-openjdk-amd64/jre/lib/amd64/libnio.so
7f1a80b30000-7f1a80b31000 rw-p 00011000 fd:01 10226227                   /usr/lib/jvm/java-8-openjdk-amd64/jre/lib/amd64/libnio.so
7f1a80b31000-7f1a80b47000 r-xp 00000000 fd:01 10226209                   /usr/lib/jvm/java-8-openjdk-amd64/jre/lib/amd64/libnet.so
7f1a80b47000-7f1a80d47000 ---p 00016000 fd:01 10226209                   /usr/lib/jvm/java-8-openjdk-amd64/jre/lib/amd64/libnet.so
7f1a80d47000-7f1a80d48000 r--p 00016000 fd:01 10226209                   /usr/lib/jvm/java-8-openjdk-amd64/jre/lib/amd64/libnet.so
7f1a80d48000-7f1a80d49000 rw-p 00017000 fd:01 10226209                   /usr/lib/jvm/java-8-openjdk-amd64/jre/lib/amd64/libnet.so
7f1a80d49000-7f1a80d52000 r-xp 00000000 fd:01 10226204                   /usr/lib/jvm/java-8-openjdk-amd64/jre/lib/amd64/libmanagement.so
7f1a80d52000-7f1a80f51000 ---p 00009000 fd:01 10226204                   /usr/lib/jvm/java-8-openjdk-amd64/jre/lib/amd64/libmanagement.so
7f1a80f51000-7f1a80f52000 r--p 00008000 fd:01 10226204                   /usr/lib/jvm/java-8-openjdk-amd64/jre/lib/amd64/libmanagement.so
7f1a80f52000-7f1a80f53000 rw-p 00009000 fd:01 10226204                   /usr/lib/jvm/java-8-openjdk-amd64/jre/lib/amd64/libmanagement.so
7f1a80f53000-7f1a80f56000 ---p 00000000 00:00 0 
7f1a80f56000-7f1a81054000 rw-p 00000000 00:00 0 
7f1a81054000-7f1a81057000 ---p 00000000 00:00 0 
7f1a81057000-7f1a81155000 rw-p 00000000 00:00 0 
7f1a81155000-7f1a81158000 ---p 00000000 00:00 0 
7f1a81158000-7f1a81256000 rw-p 00000000 00:00 0 
7f1a81256000-7f1a81259000 ---p 00000000 00:00 0 
7f1a81259000-7f1a81357000 rw-p 00000000 00:00 0 
7f1a81357000-7f1a8135a000 ---p 00000000 00:00 0 
7f1a8135a000-7f1a81458000 rw-p 00000000 00:00 0 
7f1a81458000-7f1a81e17000 r--p 00000000 fd:01 10099575                   /usr/lib/locale/locale-archive
7f1a81e17000-7f1a81e1a000 ---p 00000000 00:00 0 
7f1a81e1a000-7f1a81f18000 rw-p 00000000 00:00 0 
7f1a81f18000-7f1a81f1b000 ---p 00000000 00:00 0 
7f1a81f1b000-7f1a82019000 rw-p 00000000 00:00 0 
7f1a82019000-7f1a8201a000 ---p 00000000 00:00 0 
7f1a8201a000-7f1a84000000 rw-p 00000000 00:00 0 
7f1a84000000-7f1a84021000 rw-p 00000000 00:00 0 
7f1a84021000-7f1a88000000 ---p 00000000 00:00 0 
7f1a88000000-7f1a88021000 rw-p 00000000 00:00 0 
7f1a88021000-7f1a8c000000 ---p 00000000 00:00 0 
7f1a8c000000-7f1a8c021000 rw-p 00000000 00:00 0 
7f1a8c021000-7f1a90000000 ---p 00000000 00:00 0 
7f1a90000000-7f1a90021000 rw-p 00000000 00:00 0 
7f1a90021000-7f1a94000000 ---p 00000000 00:00 0 
7f1a94000000-7f1a94021000 rw-p 00000000 00:00 0 
7f1a94021000-7f1a98000000 ---p 00000000 00:00 0 
7f1a98000000-7f1a98006000 r--s 0003e000 fd:01 787888                     /root/.m2/repository/org/springframework/spring-expression/4.3.23.RELEASE/spring-expression-4.3.23.RELEASE.jar
7f1a98006000-7f1a98014000 r--s 000ad000 fd:01 787882                     /root/.m2/repository/org/springframework/spring-beans/4.3.23.RELEASE/spring-beans-4.3.23.RELEASE.jar
7f1a98014000-7f1a9801d000 r--s 00054000 fd:01 787880                     /root/.m2/repository/org/springframework/spring-aop/4.3.23.RELEASE/spring-aop-4.3.23.RELEASE.jar
7f1a9801d000-7f1a9802f000 r--s 000b9000 fd:01 787878                     /root/.m2/repository/org/springframework/spring-web/4.3.23.RELEASE/spring-web-4.3.23.RELEASE.jar
7f1a9802f000-7f1a98033000 r--s 00042000 fd:01 787876                     /root/.m2/repository/com/fasterxml/jackson/core/jackson-core/2.8.11/jackson-core-2.8.11.jar
7f1a98033000-7f1a98045000 r--s 0011f000 fd:01 787872                     /root/.m2/repository/com/fasterxml/jackson/core/jackson-databind/2.8.11.3/jackson-databind-2.8.11.3.jar
7f1a98045000-7f1a98056000 r--s 000a1000 fd:01 787868                     /root/.m2/repository/org/hibernate/hibernate-validator/5.3.6.Final/hibernate-validator-5.3.6.Final.jar
7f1a98056000-7f1a98071000 r--s 00394000 fd:01 10226186                   /usr/lib/jvm/java-8-openjdk-amd64/jre/lib/ext/cldrdata.jar
7f1a98071000-7f1a9808c000 r--s 001d6000 fd:01 10226183                   /usr/lib/jvm/java-8-openjdk-amd64/jre/lib/ext/nashorn.jar
7f1a9808c000-7f1a9c000000 rw-p 00000000 00:00 0 
7f1a9c000000-7f1a9c021000 rw-p 00000000 00:00 0 
7f1a9c021000-7f1aa0000000 ---p 00000000 00:00 0 
7f1aa0000000-7f1aa0001000 r--s 00000000 fd:01 787890                     /root/.m2/repository/org/springframework/boot/spring-boot-starter-actuator/1.5.20.RELEASE/spring-boot-starter-actuator-1.5.20.RELEASE.jar
7f1aa0001000-7f1aa0007000 r--s 0003d000 fd:01 787866                     /root/.m2/repository/org/yaml/snakeyaml/1.17/snakeyaml-1.17.jar
7f1aa0007000-7f1aa0012000 r--s 0006a000 fd:01 787860                     /root/.m2/repository/ch/qos/logback/logback-core/1.1.11/logback-core-1.1.11.jar
7f1aa0012000-7f1aa0096000 rw-p 00000000 00:00 0 
7f1aa0096000-7f1aa0266000 r--s 03c5c000 fd:01 10226160                   /usr/lib/jvm/java-8-openjdk-amd64/jre/lib/rt.jar
7f1aa0266000-7f1aa0267000 ---p 00000000 00:00 0 
7f1aa0267000-7f1aa0367000 rw-p 00000000 00:00 0 
7f1aa0367000-7f1aa0368000 ---p 00000000 00:00 0 
7f1aa0368000-7f1aa0468000 rw-p 00000000 00:00 0 
7f1aa0468000-7f1aa0469000 ---p 00000000 00:00 0 
7f1aa0469000-7f1aa0569000 rw-p 00000000 00:00 0 
7f1aa0569000-7f1aa056a000 ---p 00000000 00:00 0 
7f1aa056a000-7f1aa066a000 rw-p 00000000 00:00 0 
7f1aa066a000-7f1aa066b000 ---p 00000000 00:00 0 
7f1aa066b000-7f1aa076b000 rw-p 00000000 00:00 0 
7f1aa076b000-7f1aa076c000 ---p 00000000 00:00 0 
7f1aa076c000-7f1aa0897000 rw-p 00000000 00:00 0 
7f1aa0897000-7f1aa0af8000 ---p 00000000 00:00 0 
7f1aa0af8000-7f1aa0bb1000 rw-p 00000000 00:00 0 
7f1aa0bb1000-7f1aa0c3f000 ---p 00000000 00:00 0 
7f1aa0c3f000-7f1aa0c6c000 rw-p 00000000 00:00 0 
7f1aa0c6c000-7f1aa1000000 ---p 00000000 00:00 0 
7f1aa1000000-7f1aa1ad0000 rwxp 00000000 00:00 0 
7f1aa1ad0000-7f1ab0000000 ---p 00000000 00:00 0 
7f1ab0000000-7f1ab0901000 rw-p 00000000 00:00 0 
7f1ab0901000-7f1ab4000000 ---p 00000000 00:00 0 
7f1ab4000000-7f1ab4003000 r--s 0000b000 fd:01 787874                     /root/.m2/repository/com/fasterxml/jackson/core/jackson-annotations/2.8.0/jackson-annotations-2.8.0.jar
7f1ab4003000-7f1ab4005000 r--s 0000f000 fd:01 787870                     /root/.m2/repository/org/jboss/logging/jboss-logging/3.3.2.Final/jboss-logging-3.3.2.Final.jar
7f1ab4005000-7f1ab4007000 r--s 00004000 fd:01 787864                     /root/.m2/repository/org/slf4j/log4j-over-slf4j/1.7.26/log4j-over-slf4j-1.7.26.jar
7f1ab4007000-7f1ab4009000 r--s 00000000 fd:01 787862                     /root/.m2/repository/org/slf4j/jul-to-slf4j/1.7.26/jul-to-slf4j-1.7.26.jar
7f1ab4009000-7f1ab40f8000 rw-p 00000000 00:00 0 
7f1ab40f8000-7f1ab435a000 ---p 00000000 00:00 0 
7f1ab435a000-7f1ab4362000 r-xp 00000000 fd:01 10226224                   /usr/lib/jvm/java-8-openjdk-amd64/jre/lib/amd64/libzip.so
7f1ab4362000-7f1ab4561000 ---p 00008000 fd:01 10226224                   /usr/lib/jvm/java-8-openjdk-amd64/jre/lib/amd64/libzip.so
7f1ab4561000-7f1ab4562000 r--p 00007000 fd:01 10226224                   /usr/lib/jvm/java-8-openjdk-amd64/jre/lib/amd64/libzip.so
7f1ab4562000-7f1ab4563000 rw-p 00008000 fd:01 10226224                   /usr/lib/jvm/java-8-openjdk-amd64/jre/lib/amd64/libzip.so
7f1ab4563000-7f1ab456e000 r-xp 00000000 fd:01 12456637                   /lib/x86_64-linux-gnu/libnss_files-2.23.so
7f1ab456e000-7f1ab476d000 ---p 0000b000 fd:01 12456637                   /lib/x86_64-linux-gnu/libnss_files-2.23.so
7f1ab476d000-7f1ab476e000 r--p 0000a000 fd:01 12456637                   /lib/x86_64-linux-gnu/libnss_files-2.23.so
7f1ab476e000-7f1ab476f000 rw-p 0000b000 fd:01 12456637                   /lib/x86_64-linux-gnu/libnss_files-2.23.so
7f1ab476f000-7f1ab4775000 rw-p 00000000 00:00 0 
7f1ab4775000-7f1ab4780000 r-xp 00000000 fd:01 12456647                   /lib/x86_64-linux-gnu/libnss_nis-2.23.so
7f1ab4780000-7f1ab497f000 ---p 0000b000 fd:01 12456647                   /lib/x86_64-linux-gnu/libnss_nis-2.23.so
7f1ab497f000-7f1ab4980000 r--p 0000a000 fd:01 12456647                   /lib/x86_64-linux-gnu/libnss_nis-2.23.so
7f1ab4980000-7f1ab4981000 rw-p 0000b000 fd:01 12456647                   /lib/x86_64-linux-gnu/libnss_nis-2.23.so
7f1ab4981000-7f1ab4997000 r-xp 00000000 fd:01 12456631                   /lib/x86_64-linux-gnu/libnsl-2.23.so
7f1ab4997000-7f1ab4b96000 ---p 00016000 fd:01 12456631                   /lib/x86_64-linux-gnu/libnsl-2.23.so
7f1ab4b96000-7f1ab4b97000 r--p 00015000 fd:01 12456631                   /lib/x86_64-linux-gnu/libnsl-2.23.so
7f1ab4b97000-7f1ab4b98000 rw-p 00016000 fd:01 12456631                   /lib/x86_64-linux-gnu/libnsl-2.23.so
7f1ab4b98000-7f1ab4b9a000 rw-p 00000000 00:00 0 
7f1ab4b9a000-7f1ab4ba2000 r-xp 00000000 fd:01 12456633                   /lib/x86_64-linux-gnu/libnss_compat-2.23.so
7f1ab4ba2000-7f1ab4da1000 ---p 00008000 fd:01 12456633                   /lib/x86_64-linux-gnu/libnss_compat-2.23.so
7f1ab4da1000-7f1ab4da2000 r--p 00007000 fd:01 12456633                   /lib/x86_64-linux-gnu/libnss_compat-2.23.so
7f1ab4da2000-7f1ab4da3000 rw-p 00008000 fd:01 12456633                   /lib/x86_64-linux-gnu/libnss_compat-2.23.so
7f1ab4da3000-7f1ab4dcc000 r-xp 00000000 fd:01 10226208                   /usr/lib/jvm/java-8-openjdk-amd64/jre/lib/amd64/libjava.so
7f1ab4dcc000-7f1ab4fcb000 ---p 00029000 fd:01 10226208                   /usr/lib/jvm/java-8-openjdk-amd64/jre/lib/amd64/libjava.so
7f1ab4fcb000-7f1ab4fcc000 r--p 00028000 fd:01 10226208                   /usr/lib/jvm/java-8-openjdk-amd64/jre/lib/amd64/libjava.so
7f1ab4fcc000-7f1ab4fce000 rw-p 00029000 fd:01 10226208                   /usr/lib/jvm/java-8-openjdk-amd64/jre/lib/amd64/libjava.so
7f1ab4fce000-7f1ab4fdd000 r-xp 00000000 fd:01 10226226                   /usr/lib/jvm/java-8-openjdk-amd64/jre/lib/amd64/libverify.so
7f1ab4fdd000-7f1ab51dc000 ---p 0000f000 fd:01 10226226                   /usr/lib/jvm/java-8-openjdk-amd64/jre/lib/amd64/libverify.so
7f1ab51dc000-7f1ab51de000 r--p 0000e000 fd:01 10226226                   /usr/lib/jvm/java-8-openjdk-amd64/jre/lib/amd64/libverify.so
7f1ab51de000-7f1ab51df000 rw-p 00010000 fd:01 10226226                   /usr/lib/jvm/java-8-openjdk-amd64/jre/lib/amd64/libverify.so
7f1ab51df000-7f1ab51e6000 r-xp 00000000 fd:01 12456692                   /lib/x86_64-linux-gnu/librt-2.23.so
7f1ab51e6000-7f1ab53e5000 ---p 00007000 fd:01 12456692                   /lib/x86_64-linux-gnu/librt-2.23.so
7f1ab53e5000-7f1ab53e6000 r--p 00006000 fd:01 12456692                   /lib/x86_64-linux-gnu/librt-2.23.so
7f1ab53e6000-7f1ab53e7000 rw-p 00007000 fd:01 12456692                   /lib/x86_64-linux-gnu/librt-2.23.so
7f1ab53e7000-7f1ab53fd000 r-xp 00000000 fd:01 12456576                   /lib/x86_64-linux-gnu/libgcc_s.so.1
7f1ab53fd000-7f1ab55fc000 ---p 00016000 fd:01 12456576                   /lib/x86_64-linux-gnu/libgcc_s.so.1
7f1ab55fc000-7f1ab55fd000 rw-p 00015000 fd:01 12456576                   /lib/x86_64-linux-gnu/libgcc_s.so.1
7f1ab55fd000-7f1ab5705000 r-xp 00000000 fd:01 12456608                   /lib/x86_64-linux-gnu/libm-2.23.so
7f1ab5705000-7f1ab5904000 ---p 00108000 fd:01 12456608                   /lib/x86_64-linux-gnu/libm-2.23.so
7f1ab5904000-7f1ab5905000 r--p 00107000 fd:01 12456608                   /lib/x86_64-linux-gnu/libm-2.23.so
7f1ab5905000-7f1ab5906000 rw-p 00108000 fd:01 12456608                   /lib/x86_64-linux-gnu/libm-2.23.so
7f1ab5906000-7f1ab5a78000 r-xp 00000000 fd:01 10094727                   /usr/lib/x86_64-linux-gnu/libstdc++.so.6.0.21
7f1ab5a78000-7f1ab5c78000 ---p 00172000 fd:01 10094727                   /usr/lib/x86_64-linux-gnu/libstdc++.so.6.0.21
7f1ab5c78000-7f1ab5c82000 r--p 00172000 fd:01 10094727                   /usr/lib/x86_64-linux-gnu/libstdc++.so.6.0.21
7f1ab5c82000-7f1ab5c84000 rw-p 0017c000 fd:01 10094727                   /usr/lib/x86_64-linux-gnu/libstdc++.so.6.0.21
7f1ab5c84000-7f1ab5c88000 rw-p 00000000 00:00 0 
7f1ab5c88000-7f1ab68ec000 r-xp 00000000 fd:01 10226237                   /usr/lib/jvm/java-8-openjdk-amd64/jre/lib/amd64/server/libjvm.so
7f1ab68ec000-7f1ab6aeb000 ---p 00c64000 fd:01 10226237                   /usr/lib/jvm/java-8-openjdk-amd64/jre/lib/amd64/server/libjvm.so
7f1ab6aeb000-7f1ab6b7f000 r--p 00c63000 fd:01 10226237                   /usr/lib/jvm/java-8-openjdk-amd64/jre/lib/amd64/server/libjvm.so
7f1ab6b7f000-7f1ab6ba8000 rw-p 00cf7000 fd:01 10226237                   /usr/lib/jvm/java-8-openjdk-amd64/jre/lib/amd64/server/libjvm.so
7f1ab6ba8000-7f1ab6bd8000 rw-p 00000000 00:00 0 
7f1ab6bd8000-7f1ab6bf0000 r-xp 00000000 fd:01 12456684                   /lib/x86_64-linux-gnu/libpthread-2.23.so
7f1ab6bf0000-7f1ab6def000 ---p 00018000 fd:01 12456684                   /lib/x86_64-linux-gnu/libpthread-2.23.so
7f1ab6def000-7f1ab6df0000 r--p 00017000 fd:01 12456684                   /lib/x86_64-linux-gnu/libpthread-2.23.so
7f1ab6df0000-7f1ab6df1000 rw-p 00018000 fd:01 12456684                   /lib/x86_64-linux-gnu/libpthread-2.23.so
7f1ab6df1000-7f1ab6df5000 rw-p 00000000 00:00 0 
7f1ab6df5000-7f1ab6df8000 r-xp 00000000 fd:01 12456562                   /lib/x86_64-linux-gnu/libdl-2.23.so
7f1ab6df8000-7f1ab6ff7000 ---p 00003000 fd:01 12456562                   /lib/x86_64-linux-gnu/libdl-2.23.so
7f1ab6ff7000-7f1ab6ff8000 r--p 00002000 fd:01 12456562                   /lib/x86_64-linux-gnu/libdl-2.23.so
7f1ab6ff8000-7f1ab6ff9000 rw-p 00003000 fd:01 12456562                   /lib/x86_64-linux-gnu/libdl-2.23.so
7f1ab6ff9000-7f1ab7012000 r-xp 00000000 fd:01 12456729                   /lib/x86_64-linux-gnu/libz.so.1.2.8
7f1ab7012000-7f1ab7211000 ---p 00019000 fd:01 12456729                   /lib/x86_64-linux-gnu/libz.so.1.2.8
7f1ab7211000-7f1ab7212000 r--p 00018000 fd:01 12456729                   /lib/x86_64-linux-gnu/libz.so.1.2.8
7f1ab7212000-7f1ab7213000 rw-p 00019000 fd:01 12456729                   /lib/x86_64-linux-gnu/libz.so.1.2.8
7f1ab7213000-7f1ab73d3000 r-xp 00000000 fd:01 12456538                   /lib/x86_64-linux-gnu/libc-2.23.so
7f1ab73d3000-7f1ab75d3000 ---p 001c0000 fd:01 12456538                   /lib/x86_64-linux-gnu/libc-2.23.so
7f1ab75d3000-7f1ab75d7000 r--p 001c0000 fd:01 12456538                   /lib/x86_64-linux-gnu/libc-2.23.so
7f1ab75d7000-7f1ab75d9000 rw-p 001c4000 fd:01 12456538                   /lib/x86_64-linux-gnu/libc-2.23.so
7f1ab75d9000-7f1ab75dd000 rw-p 00000000 00:00 0 
7f1ab75dd000-7f1ab75ea000 r-xp 00000000 fd:01 10226218                   /usr/lib/jvm/java-8-openjdk-amd64/jre/lib/amd64/jli/libjli.so
7f1ab75ea000-7f1ab77e9000 ---p 0000d000 fd:01 10226218                   /usr/lib/jvm/java-8-openjdk-amd64/jre/lib/amd64/jli/libjli.so
7f1ab77e9000-7f1ab77ea000 r--p 0000c000 fd:01 10226218                   /usr/lib/jvm/java-8-openjdk-amd64/jre/lib/amd64/jli/libjli.so
7f1ab77ea000-7f1ab77eb000 rw-p 0000d000 fd:01 10226218                   /usr/lib/jvm/java-8-openjdk-amd64/jre/lib/amd64/jli/libjli.so
7f1ab77eb000-7f1ab7811000 r-xp 00000000 fd:01 12456510                   /lib/x86_64-linux-gnu/ld-2.23.so
7f1ab7811000-7f1ab7818000 r--s 00045000 fd:01 787858                     /root/.m2/repository/ch/qos/logback/logback-classic/1.1.11/logback-classic-1.1.11.jar
7f1ab7818000-7f1ab7819000 r--s 00000000 fd:01 787856                     /root/.m2/repository/org/springframework/boot/spring-boot-starter-logging/1.5.20.RELEASE/spring-boot-starter-logging-1.5.20.RELEASE.jar
7f1ab7819000-7f1ab781a000 r--s 00000000 fd:01 787854                     /root/.m2/repository/org/springframework/boot/spring-boot-starter/1.5.20.RELEASE/spring-boot-starter-1.5.20.RELEASE.jar
7f1ab781a000-7f1ab781d000 r--s 0000f000 fd:01 10226182                   /usr/lib/jvm/java-8-openjdk-amd64/jre/lib/ext/icedtea-sound.jar
7f1ab781d000-7f1ab7827000 r--s 00116000 fd:01 10226190                   /usr/lib/jvm/java-8-openjdk-amd64/jre/lib/ext/localedata.jar
7f1ab7827000-7f1ab78f2000 rw-p 00000000 00:00 0 
7f1ab78f2000-7f1ab78f5000 ---p 00000000 00:00 0 
7f1ab78f5000-7f1ab79f7000 rw-p 00000000 00:00 0 
7f1ab79f7000-7f1ab79f8000 r--s 00000000 fd:01 787852                     /root/.m2/repository/org/springframework/boot/spring-boot-starter-web/1.5.20.RELEASE/spring-boot-starter-web-1.5.20.RELEASE.jar
7f1ab79f8000-7f1ab79f9000 r--s 0000d000 fd:01 10226181                   /usr/lib/jvm/java-8-openjdk-amd64/jre/lib/ext/sunec.jar
7f1ab79f9000-7f1ab79fa000 r--s 00010000 fd:01 10226189                   /usr/lib/jvm/java-8-openjdk-amd64/jre/lib/ext/zipfs.jar
7f1ab79fa000-7f1ab79fc000 r--s 00001000 fd:01 10226187                   /usr/lib/jvm/java-8-openjdk-amd64/jre/lib/ext/dnsns.jar
7f1ab79fc000-7f1ab79ff000 r--s 00039000 fd:01 10226185                   /usr/lib/jvm/java-8-openjdk-amd64/jre/lib/ext/sunpkcs11.jar
7f1ab79ff000-7f1ab7a00000 r--s 0000a000 fd:01 10226184                   /usr/lib/jvm/java-8-openjdk-amd64/jre/lib/ext/jaccess.jar
7f1ab7a00000-7f1ab7a05000 r--s 0003c000 fd:01 10226188                   /usr/lib/jvm/java-8-openjdk-amd64/jre/lib/ext/sunjce_provider.jar
7f1ab7a05000-7f1ab7a0d000 rw-s 00000000 fd:01 2621748                    /tmp/hsperfdata_root/21653
7f1ab7a0d000-7f1ab7a0e000 rw-p 00000000 00:00 0 
7f1ab7a0e000-7f1ab7a0f000 ---p 00000000 00:00 0 
7f1ab7a0f000-7f1ab7a10000 rw-p 00000000 00:00 0 
7f1ab7a10000-7f1ab7a11000 r--p 00025000 fd:01 12456510                   /lib/x86_64-linux-gnu/ld-2.23.so
7f1ab7a11000-7f1ab7a12000 rw-p 00026000 fd:01 12456510                   /lib/x86_64-linux-gnu/ld-2.23.so
7f1ab7a12000-7f1ab7a13000 rw-p 00000000 00:00 0 
7ffe55176000-7ffe55199000 rw-p 00000000 00:00 0                          [stack]
7ffe551e9000-7ffe551ec000 r--p 00000000 00:00 0                          [vvar]
7ffe551ec000-7ffe551ee000 r-xp 00000000 00:00 0                          [vdso]
ffffffffff600000-ffffffffff601000 r-xp 00000000 00:00 0                  [vsyscall]

VM Arguments:
jvm_args: -Dcom.sun.management.jmxremote -Dcom.sun.management.jmxremote.port=40883 -Dcom.sun.management.jmxremote.authenticate=false -Dcom.sun.management.jmxremote.ssl=false -Djava.rmi.server.hostname=localhost -Dspring.jmx.enabled=true -Dspring.liveBeansView.mbeanDomain -Dspring.application.admin.enabled=true -Djava.security.egd=file:/dev/./urandom -Xverify:none -XX:TieredStopAtLevel=1 -Dfile.encoding=UTF-8 
java_command: com.rest.java.HospitalTestApplication --spring.output.ansi.enabled=always
java_class_path (initial): /home/rasool/workspace/hospital-test-application-master/target/classes:/root/.m2/repository/org/springframework/boot/spring-boot-starter-web/1.5.20.RELEASE/spring-boot-starter-web-1.5.20.RELEASE.jar:/root/.m2/repository/org/springframework/boot/spring-boot-starter/1.5.20.RELEASE/spring-boot-starter-1.5.20.RELEASE.jar:/root/.m2/repository/org/springframework/boot/spring-boot-starter-logging/1.5.20.RELEASE/spring-boot-starter-logging-1.5.20.RELEASE.jar:/root/.m2/repository/ch/qos/logback/logback-classic/1.1.11/logback-classic-1.1.11.jar:/root/.m2/repository/ch/qos/logback/logback-core/1.1.11/logback-core-1.1.11.jar:/root/.m2/repository/org/slf4j/jul-to-slf4j/1.7.26/jul-to-slf4j-1.7.26.jar:/root/.m2/repository/org/slf4j/log4j-over-slf4j/1.7.26/log4j-over-slf4j-1.7.26.jar:/root/.m2/repository/org/yaml/snakeyaml/1.17/snakeyaml-1.17.jar:/root/.m2/repository/org/hibernate/hibernate-validator/5.3.6.Final/hibernate-validator-5.3.6.Final.jar:/root/.m2/repository/org/jboss/logging/jboss-logging/3.3.2.Final/jboss-logging-3.3.2.Final.jar:/root/.m2/repository/com/fasterxml/jackson/core/jackson-databind/2.8.11.3/jackson-databind-2.8.11.3.jar:/root/.m2/repository/com/fasterxml/jackson/core/jackson-annotations/2.8.0/jackson-annotations-2.8.0.jar:/root/.m2/repository/com/fasterxml/jackson/core/jackson-core/2.8.11/jackson-core-2.8.11.jar:/root/.m2/repository/org/springframework/spring-web/4.3.23.RELEASE/spring-web-4.3.23.RELEASE.jar:/root/.m2/repository/org/springframework/spring-aop/4.3.23.RELEASE/spring-aop-4.3.23.RELEASE.jar:/root/.m2/repository/org/springframework/spring-beans/4.3.23.RELEASE/spring-beans-4.3.23.RELEASE.jar:/root/.m2/repository/org/springframework/spring-context/4.3.23.RELEASE/spring-context-4.3.23.RELEASE.jar:/root/.m2/repository/org/springframework/spring-webmvc/4.3.23.RELEASE/spring-webmvc-4.3.23.RELEASE.jar:/root/.m2/repository/org/springframework/spring-expression/4.3.23.RELEASE/spring-expression-4.3.23.RELEASE.jar:/root/.m2/reposi
Launcher Type: SUN_STANDARD

Environment Variables:
PATH=/usr/local/sbin:/usr/local/bin:/usr/sbin:/usr/bin:/sbin:/bin:/usr/games:/usr/local/games
USERNAME=root
SHELL=/bin/bash
DISPLAY=:0

Signal Handlers:
SIGSEGV: [libjvm.so+0xa783e0], sa_mask[0]=11111111011111111101111111111110, sa_flags=SA_RESTART|SA_SIGINFO
SIGBUS: [libjvm.so+0xa783e0], sa_mask[0]=11111111011111111101111111111110, sa_flags=SA_RESTART|SA_SIGINFO
SIGFPE: [libjvm.so+0x8c0e10], sa_mask[0]=11111111011111111101111111111110, sa_flags=SA_RESTART|SA_SIGINFO
SIGPIPE: [libjvm.so+0x8c0e10], sa_mask[0]=11111111011111111101111111111110, sa_flags=SA_RESTART|SA_SIGINFO
SIGXFSZ: [libjvm.so+0x8c0e10], sa_mask[0]=11111111011111111101111111111110, sa_flags=SA_RESTART|SA_SIGINFO
SIGILL: [libjvm.so+0x8c0e10], sa_mask[0]=11111111011111111101111111111110, sa_flags=SA_RESTART|SA_SIGINFO
SIGUSR1: SIG_DFL, sa_mask[0]=00000000000000000000000000000000, sa_flags=none
SIGUSR2: [libjvm.so+0x8c0cc0], sa_mask[0]=00100000000000000000000000000000, sa_flags=SA_RESTART|SA_SIGINFO
SIGHUP: [libjvm.so+0x8c1350], sa_mask[0]=11111111011111111101111111111110, sa_flags=SA_RESTART|SA_SIGINFO
SIGINT: [libjvm.so+0x8c1350], sa_mask[0]=11111111011111111101111111111110, sa_flags=SA_RESTART|SA_SIGINFO
SIGTERM: [libjvm.so+0x8c1350], sa_mask[0]=11111111011111111101111111111110, sa_flags=SA_RESTART|SA_SIGINFO
SIGQUIT: [libjvm.so+0x8c1350], sa_mask[0]=11111111011111111101111111111110, sa_flags=SA_RESTART|SA_SIGINFO


---------------  S Y S T E M  ---------------

OS:DISTRIB_ID=Ubuntu
DISTRIB_RELEASE=16.04
DISTRIB_CODENAME=xenial
DISTRIB_DESCRIPTION="Ubuntu 16.04.6 LTS"

uname:Linux 4.15.0-70-generic #79~16.04.1-Ubuntu SMP Tue Nov 12 14:01:10 UTC 2019 x86_64
libc:glibc 2.23 NPTL 2.23 
rlimit: STACK 8192k, CORE 0k, NPROC 30800, NOFILE 1048576, AS infinity
load average:5.03 4.62 3.52

/proc/meminfo:
MemTotal:        8015080 kB
MemFree:          130916 kB
MemAvailable:      48580 kB
Buffers:            1616 kB
Cached:           807836 kB
SwapCached:          268 kB
Active:          6678936 kB
Inactive:         862660 kB
Active(anon):    6652452 kB
Inactive(anon):   831520 kB
Active(file):      26484 kB
Inactive(file):    31140 kB
Unevictable:         104 kB
Mlocked:             104 kB
SwapTotal:       1003516 kB
SwapFree:             20 kB
Dirty:               520 kB
Writeback:           124 kB
AnonPages:       6732076 kB
Mapped:           444184 kB
Shmem:            751424 kB
Slab:             132116 kB
SReclaimable:      57548 kB
SUnreclaim:        74568 kB
KernelStack:       22096 kB
PageTables:       103944 kB
NFS_Unstable:          0 kB
Bounce:                0 kB
WritebackTmp:          0 kB
CommitLimit:     5011056 kB
Committed_AS:   17574596 kB
VmallocTotal:   34359738367 kB
VmallocUsed:           0 kB
VmallocChunk:          0 kB
HardwareCorrupted:     0 kB
AnonHugePages:         0 kB
ShmemHugePages:        0 kB
ShmemPmdMapped:        0 kB
CmaTotal:              0 kB
CmaFree:               0 kB
HugePages_Total:       0
HugePages_Free:        0
HugePages_Rsvd:        0
HugePages_Surp:        0
Hugepagesize:       2048 kB
DirectMap4k:      406636 kB
DirectMap2M:     7829504 kB
DirectMap1G:           0 kB

container (cgroup) information:
container_type: cgroupv1
cpu_cpuset_cpus: 0-5
cpu_memory_nodes: 0
active_processor_count: 6
cpu_quota: -1
cpu_period: 100000
cpu_shares: -1
memory_limit_in_bytes: -1
memory_and_swap_limit_in_bytes: -2
memory_soft_limit_in_bytes: -1
memory_usage_in_bytes: 7724544000
memory_max_usage_in_bytes: 0


CPU:total 6 (initial active 6) (6 cores per cpu, 1 threads per core) family 6 model 158 stepping 10, cmov, cx8, fxsr, mmx, sse, sse2, sse3, ssse3, sse4.1, sse4.2, popcnt, avx, avx2, aes, clmul, erms, 3dnowpref, lzcnt, tsc, tscinvbit, bmi1, bmi2, adx

/proc/cpuinfo:
processor	: 0
vendor_id	: GenuineIntel
cpu family	: 6
model		: 158
model name	: Intel(R) Core(TM) i5-9400 CPU @ 2.90GHz
stepping	: 10
microcode	: 0xc6
cpu MHz		: 799.994
cache size	: 9216 KB
physical id	: 0
siblings	: 6
core id		: 0
cpu cores	: 6
apicid		: 0
initial apicid	: 0
fpu		: yes
fpu_exception	: yes
cpuid level	: 22
wp		: yes
flags		: fpu vme de pse tsc msr pae mce cx8 apic sep mtrr pge mca cmov pat pse36 clflush dts acpi mmx fxsr sse sse2 ss ht tm pbe syscall nx pdpe1gb rdtscp lm constant_tsc art arch_perfmon pebs bts rep_good nopl xtopology nonstop_tsc cpuid aperfmperf tsc_known_freq pni pclmulqdq dtes64 monitor ds_cpl vmx est tm2 ssse3 sdbg fma cx16 xtpr pdcm pcid sse4_1 sse4_2 x2apic movbe popcnt tsc_deadline_timer aes xsave avx f16c rdrand lahf_lm abm 3dnowprefetch cpuid_fault invpcid_single pti ssbd ibrs ibpb stibp tpr_shadow vnmi flexpriority ept vpid fsgsbase tsc_adjust bmi1 avx2 smep bmi2 erms invpcid mpx rdseed adx smap clflushopt intel_pt xsaveopt xsavec xgetbv1 xsaves dtherm ida arat pln pts hwp hwp_notify hwp_act_window hwp_epp md_clear flush_l1d
bugs		: cpu_meltdown spectre_v1 spectre_v2 spec_store_bypass l1tf mds swapgs itlb_multihit
bogomips	: 5808.00
clflush size	: 64
cache_alignment	: 64
address sizes	: 39 bits physical, 48 bits virtual
power management:

processor	: 1
vendor_id	: GenuineIntel
cpu family	: 6
model		: 158
model name	: Intel(R) Core(TM) i5-9400 CPU @ 2.90GHz
stepping	: 10
microcode	: 0xc6
cpu MHz		: 799.987
cache size	: 9216 KB
physical id	: 0
siblings	: 6
core id		: 1
cpu cores	: 6
apicid		: 2
initial apicid	: 2
fpu		: yes
fpu_exception	: yes
cpuid level	: 22
wp		: yes
flags		: fpu vme de pse tsc msr pae mce cx8 apic sep mtrr pge mca cmov pat pse36 clflush dts acpi mmx fxsr sse sse2 ss ht tm pbe syscall nx pdpe1gb rdtscp lm constant_tsc art arch_perfmon pebs bts rep_good nopl xtopology nonstop_tsc cpuid aperfmperf tsc_known_freq pni pclmulqdq dtes64 monitor ds_cpl vmx est tm2 ssse3 sdbg fma cx16 xtpr pdcm pcid sse4_1 sse4_2 x2apic movbe popcnt tsc_deadline_timer aes xsave avx f16c rdrand lahf_lm abm 3dnowprefetch cpuid_fault invpcid_single pti ssbd ibrs ibpb stibp tpr_shadow vnmi flexpriority ept vpid fsgsbase tsc_adjust bmi1 avx2 smep bmi2 erms invpcid mpx rdseed adx smap clflushopt intel_pt xsaveopt xsavec xgetbv1 xsaves dtherm ida arat pln pts hwp hwp_notify hwp_act_window hwp_epp flush_l1d
bugs		: cpu_meltdown spectre_v1 spectre_v2 spec_store_bypass l1tf mds swapgs itlb_multihit
bogomips	: 5808.00
clflush size	: 64
cache_alignment	: 64
address sizes	: 39 bits physical, 48 bits virtual
power management:

processor	: 2
vendor_id	: GenuineIntel
cpu family	: 6
model		: 158
model name	: Intel(R) Core(TM) i5-9400 CPU @ 2.90GHz
stepping	: 10
microcode	: 0xc6
cpu MHz		: 799.994
cache size	: 9216 KB
physical id	: 0
siblings	: 6
core id		: 2
cpu cores	: 6
apicid		: 4
initial apicid	: 4
fpu		: yes
fpu_exception	: yes
cpuid level	: 22
wp		: yes
flags		: fpu vme de pse tsc msr pae mce cx8 apic sep mtrr pge mca cmov pat pse36 clflush dts acpi mmx fxsr sse sse2 ss ht tm pbe syscall nx pdpe1gb rdtscp lm constant_tsc art arch_perfmon pebs bts rep_good nopl xtopology nonstop_tsc cpuid aperfmperf tsc_known_freq pni pclmulqdq dtes64 monitor ds_cpl vmx est tm2 ssse3 sdbg fma cx16 xtpr pdcm pcid sse4_1 sse4_2 x2apic movbe popcnt tsc_deadline_timer aes xsave avx f16c rdrand lahf_lm abm 3dnowprefetch cpuid_fault invpcid_single pti ssbd ibrs ibpb stibp tpr_shadow vnmi flexpriority ept vpid fsgsbase tsc_adjust bmi1 avx2 smep bmi2 erms invpcid mpx rdseed adx smap clflushopt intel_pt xsaveopt xsavec xgetbv1 xsaves dtherm ida arat pln pts hwp hwp_notify hwp_act_window hwp_epp flush_l1d
bugs		: cpu_meltdown spectre_v1 spectre_v2 spec_store_bypass l1tf mds swapgs itlb_multihit
bogomips	: 5808.00
clflush size	: 64
cache_alignment	: 64
address sizes	: 39 bits physical, 48 bits virtual
power management:

processor	: 3
vendor_id	: GenuineIntel
cpu family	: 6
model		: 158
model name	: Intel(R) Core(TM) i5-9400 CPU @ 2.90GHz
stepping	: 10
microcode	: 0xc6
cpu MHz		: 799.994
cache size	: 9216 KB
physical id	: 0
siblings	: 6
core id		: 3
cpu cores	: 6
apicid		: 6
initial apicid	: 6
fpu		: yes
fpu_exception	: yes
cpuid level	: 22
wp		: yes
flags		: fpu vme de pse tsc msr pae mce cx8 apic sep mtrr pge mca cmov pat pse36 clflush dts acpi mmx fxsr sse sse2 ss ht tm pbe syscall nx pdpe1gb rdtscp lm constant_tsc art arch_perfmon pebs bts rep_good nopl xtopology nonstop_tsc cpuid aperfmperf tsc_known_freq pni pclmulqdq dtes64 monitor ds_cpl vmx est tm2 ssse3 sdbg fma cx16 xtpr pdcm pcid sse4_1 sse4_2 x2apic movbe popcnt tsc_deadline_timer aes xsave avx f16c rdrand lahf_lm abm 3dnowprefetch cpuid_fault invpcid_single pti ssbd ibrs ibpb stibp tpr_shadow vnmi flexpriority ept vpid fsgsbase tsc_adjust bmi1 avx2 smep bmi2 erms invpcid mpx rdseed adx smap clflushopt intel_pt xsaveopt xsavec xgetbv1 xsaves dtherm ida arat pln pts hwp hwp_notify hwp_act_window hwp_epp flush_l1d
bugs		: cpu_meltdown spectre_v1 spectre_v2 spec_store_bypass l1tf mds swapgs itlb_multihit
bogomips	: 5808.00
clflush size	: 64
cache_alignment	: 64
address sizes	: 39 bits physical, 48 bits virtual
power management:

processor	: 4
vendor_id	: GenuineIntel
cpu family	: 6
model		: 158
model name	: Intel(R) Core(TM) i5-9400 CPU @ 2.90GHz
stepping	: 10
microcode	: 0xc6
cpu MHz		: 799.996
cache size	: 9216 KB
physical id	: 0
siblings	: 6
core id		: 4
cpu cores	: 6
apicid		: 8
initial apicid	: 8
fpu		: yes
fpu_exception	: yes
cpuid level	: 22
wp		: yes
flags		: fpu vme de pse tsc msr pae mce cx8 apic sep mtrr pge mca cmov pat pse36 clflush dts acpi mmx fxsr sse sse2 ss ht tm pbe syscall nx pdpe1gb rdtscp lm constant_tsc art arch_perfmon pebs bts rep_good nopl xtopology nonstop_tsc cpuid aperfmperf tsc_known_freq pni pclmulqdq dtes64 monitor ds_cpl vmx est tm2 ssse3 sdbg fma cx16 xtpr pdcm pcid sse4_1 sse4_2 x2apic movbe popcnt tsc_deadline_timer aes xsave avx f16c rdrand lahf_lm abm 3dnowprefetch cpuid_fault invpcid_single pti ssbd ibrs ibpb stibp tpr_shadow vnmi flexpriority ept vpid fsgsbase tsc_adjust bmi1 avx2 smep bmi2 erms invpcid mpx rdseed adx smap clflushopt intel_pt xsaveopt xsavec xgetbv1 xsaves dtherm ida arat pln pts hwp hwp_notify hwp_act_window hwp_epp flush_l1d
bugs		: cpu_meltdown spectre_v1 spectre_v2 spec_store_bypass l1tf mds swapgs itlb_multihit
bogomips	: 5808.00
clflush size	: 64
cache_alignment	: 64
address sizes	: 39 bits physical, 48 bits virtual
power management:

processor	: 5
vendor_id	: GenuineIntel
cpu family	: 6
model		: 158
model name	: Intel(R) Core(TM) i5-9400 CPU @ 2.90GHz
stepping	: 10
microcode	: 0xc6
cpu MHz		: 800.001
cache size	: 9216 KB
physical id	: 0
siblings	: 6
core id		: 5
cpu cores	: 6
apicid		: 10
initial apicid	: 10
fpu		: yes
fpu_exception	: yes
cpuid level	: 22
wp		: yes
flags		: fpu vme de pse tsc msr pae mce cx8 apic sep mtrr pge mca cmov pat pse36 clflush dts acpi mmx fxsr sse sse2 ss ht tm pbe syscall nx pdpe1gb rdtscp lm constant_tsc art arch_perfmon pebs bts rep_good nopl xtopology nonstop_tsc cpuid aperfmperf tsc_known_freq pni pclmulqdq dtes64 monitor ds_cpl vmx est tm2 ssse3 sdbg fma cx16 xtpr pdcm pcid sse4_1 sse4_2 x2apic movbe popcnt tsc_deadline_timer aes xsave avx f16c rdrand lahf_lm abm 3dnowprefetch cpuid_fault invpcid_single pti ssbd ibrs ibpb stibp tpr_shadow vnmi flexpriority ept vpid fsgsbase tsc_adjust bmi1 avx2 smep bmi2 erms invpcid mpx rdseed adx smap clflushopt intel_pt xsaveopt xsavec xgetbv1 xsaves dtherm ida arat pln pts hwp hwp_notify hwp_act_window hwp_epp flush_l1d
bugs		: cpu_meltdown spectre_v1 spectre_v2 spec_store_bypass l1tf mds swapgs itlb_multihit
bogomips	: 5808.00
clflush size	: 64
cache_alignment	: 64
address sizes	: 39 bits physical, 48 bits virtual
power management:



Memory: 4k page, physical 8015080k(127140k free), swap 1003516k(36k free)

vm_info: OpenJDK 64-Bit Server VM (25.222-b10) for linux-amd64 JRE (1.8.0_222-8u222-b10-1ubuntu1~16.04.1-b10), built on Jul 18 2019 20:25:18 by "buildd" with gcc 5.4.0 20160609

time: Wed Nov 27 14:56:56 2019
timezone: IST
elapsed time: 89 seconds (0d 0h 1m 29s)

